[2023-08-10 15:11:08  INF]  Now listening on: https://localhost:7016
[2023-08-10 15:11:08  INF]  Application started. Press Ctrl+C to shut down.
[2023-08-10 15:11:08  INF]  Hosting environment: Development
[2023-08-10 15:11:08  INF]  Content root path: C:\Users\INMREDD1\Desktop\Feedback_Poc\Backend\FeedbackDemo\FeedbackDemo\
[2023-08-10 15:11:09  INF]  Request starting HTTP/2 GET https://localhost:7016/swagger/index.html - -
[2023-08-10 15:11:09  INF]  Request starting HTTP/2 GET https://localhost:7016/_framework/aspnetcore-browser-refresh.js - -
[2023-08-10 15:11:09  INF]  Request finished HTTP/2 GET https://localhost:7016/swagger/index.html - - - 200 - text/html;charset=utf-8 568.4566ms
[2023-08-10 15:11:09  INF]  Request finished HTTP/2 GET https://localhost:7016/_framework/aspnetcore-browser-refresh.js - - - 200 11994 application/javascript;+charset=utf-8 12.0217ms
[2023-08-10 15:11:09  INF]  Request starting HTTP/2 GET https://localhost:7016/_vs/browserLink - -
[2023-08-10 15:11:09  INF]  Request finished HTTP/2 GET https://localhost:7016/_vs/browserLink - - - 200 - text/javascript;+charset=UTF-8 41.4234ms
[2023-08-10 15:11:09  INF]  Request starting HTTP/2 GET https://localhost:7016/swagger/v1/swagger.json - -
[2023-08-10 15:11:10  INF]  Request finished HTTP/2 GET https://localhost:7016/swagger/v1/swagger.json - - - 200 - application/json;charset=utf-8 153.0294ms
[2023-08-10 15:11:27  INF]  Request starting HTTP/2 POST https://localhost:7016/api/Signup/authenticate application/json 60
[2023-08-10 15:11:27  INF]  CORS policy execution successful.
[2023-08-10 15:11:27  INF]  Executing endpoint 'FeedbackDemo.Controllers.SignupController.Authenticate (FeedbackDemo)'
[2023-08-10 15:11:27  INF]  Route matched with {action = "Authenticate", controller = "Signup"}. Executing controller action with signature System.Threading.Tasks.Task`1[Microsoft.AspNetCore.Mvc.IActionResult] Authenticate(FeedbackDemo.Core.Models.SigninDetails) on controller FeedbackDemo.Controllers.SignupController (FeedbackDemo).
[2023-08-10 15:11:28  INF]  Authentication happend
[2023-08-10 15:11:29  INF]  Entity Framework Core 6.0.20 initialized 'FeedbackDBContext' using provider 'Microsoft.EntityFrameworkCore.SqlServer:6.0.20' with options: MigrationsAssembly=FeedbackDemo 
[2023-08-10 15:11:30  INF]  Executed DbCommand (119ms) [Parameters=[@__signinDetails_Email_0='?' (Size = 50), @__signinDetails_Password_1='?' (Size = 50)], CommandType='"Text"', CommandTimeout='30']
SELECT TOP(1) [s].[id], [s].[Email], [s].[Name], [s].[Password]
FROM [SignupDetails] AS [s]
WHERE ([s].[Email] = @__signinDetails_Email_0) AND ([s].[Password] = @__signinDetails_Password_1)
[2023-08-10 15:11:30  INF]  Executing OkObjectResult, writing value of type '<>f__AnonymousType0`1[[System.String, System.Private.CoreLib, Version=6.0.0.0, Culture=neutral, PublicKeyToken=7cec85d7bea7798e]]'.
[2023-08-10 15:11:30  INF]  Executed action FeedbackDemo.Controllers.SignupController.Authenticate (FeedbackDemo) in 3045.9276ms
[2023-08-10 15:11:30  INF]  Executed endpoint 'FeedbackDemo.Controllers.SignupController.Authenticate (FeedbackDemo)'
[2023-08-10 15:11:30  INF]  Request finished HTTP/2 POST https://localhost:7016/api/Signup/authenticate application/json 60 - 200 - application/json;+charset=utf-8 3138.4338ms
[2023-08-10 16:16:27  INF]  Now listening on: https://localhost:7016
[2023-08-10 16:16:27  INF]  Application started. Press Ctrl+C to shut down.
[2023-08-10 16:16:27  INF]  Hosting environment: Development
[2023-08-10 16:16:27  INF]  Content root path: C:\Users\INMREDD1\Desktop\Feedback_Poc\Backend\FeedbackDemo\FeedbackDemo\
[2023-08-10 16:16:28  INF]  Request starting HTTP/2 GET https://localhost:7016/swagger/index.html - -
[2023-08-10 16:16:29  INF]  Request starting HTTP/2 GET https://localhost:7016/_framework/aspnetcore-browser-refresh.js - -
[2023-08-10 16:16:29  INF]  Request finished HTTP/2 GET https://localhost:7016/swagger/index.html - - - 200 - text/html;charset=utf-8 546.0087ms
[2023-08-10 16:16:29  INF]  Request finished HTTP/2 GET https://localhost:7016/_framework/aspnetcore-browser-refresh.js - - - 200 11994 application/javascript;+charset=utf-8 19.6876ms
[2023-08-10 16:16:29  INF]  Request starting HTTP/2 GET https://localhost:7016/_vs/browserLink - -
[2023-08-10 16:16:29  INF]  Request finished HTTP/2 GET https://localhost:7016/_vs/browserLink - - - 200 - text/javascript;+charset=UTF-8 67.4033ms
[2023-08-10 16:16:29  INF]  Request starting HTTP/2 GET https://localhost:7016/swagger/v1/swagger.json - -
[2023-08-10 16:16:29  INF]  Request finished HTTP/2 GET https://localhost:7016/swagger/v1/swagger.json - - - 200 - application/json;charset=utf-8 214.3083ms
[2023-08-10 16:17:07  INF]  Request starting HTTP/2 OPTIONS https://localhost:7016/api/Signup/authenticate - -
[2023-08-10 16:17:07  INF]  CORS policy execution successful.
[2023-08-10 16:17:07  INF]  Request finished HTTP/2 OPTIONS https://localhost:7016/api/Signup/authenticate - - - 204 - - 48.3815ms
[2023-08-10 16:17:07  INF]  Request starting HTTP/2 POST https://localhost:7016/api/Signup/authenticate application/json 51
[2023-08-10 16:17:07  INF]  CORS policy execution successful.
[2023-08-10 16:17:07  INF]  Executing endpoint 'FeedbackDemo.Controllers.SignupController.Authenticate (FeedbackDemo)'
[2023-08-10 16:17:07  INF]  Route matched with {action = "Authenticate", controller = "Signup"}. Executing controller action with signature System.Threading.Tasks.Task`1[Microsoft.AspNetCore.Mvc.IActionResult] Authenticate(FeedbackDemo.Core.Models.SigninDetails) on controller FeedbackDemo.Controllers.SignupController (FeedbackDemo).
[2023-08-10 16:17:07  INF]  Signin process initiated
[2023-08-10 16:17:07  INF]  Sginin service initiated
[2023-08-10 16:17:08  INF]  Entity Framework Core 6.0.20 initialized 'FeedbackDBContext' using provider 'Microsoft.EntityFrameworkCore.SqlServer:6.0.20' with options: MigrationsAssembly=FeedbackDemo 
[2023-08-10 16:17:09  INF]  Executed DbCommand (117ms) [Parameters=[@__signinDetails_Email_0='?' (Size = 50), @__signinDetails_Password_1='?' (Size = 50)], CommandType='"Text"', CommandTimeout='30']
SELECT TOP(1) [s].[id], [s].[Email], [s].[Name], [s].[Password]
FROM [SignupDetails] AS [s]
WHERE ([s].[Email] = @__signinDetails_Email_0) AND ([s].[Password] = @__signinDetails_Password_1)
[2023-08-10 16:17:09  INF]  User is found
[2023-08-10 16:17:09  INF]  Successfully Logged-in
[2023-08-10 16:17:09  INF]  Executing OkObjectResult, writing value of type '<>f__AnonymousType0`1[[System.String, System.Private.CoreLib, Version=6.0.0.0, Culture=neutral, PublicKeyToken=7cec85d7bea7798e]]'.
[2023-08-10 16:17:09  INF]  Executed action FeedbackDemo.Controllers.SignupController.Authenticate (FeedbackDemo) in 2688.9321ms
[2023-08-10 16:17:09  INF]  Executed endpoint 'FeedbackDemo.Controllers.SignupController.Authenticate (FeedbackDemo)'
[2023-08-10 16:17:09  INF]  Request finished HTTP/2 POST https://localhost:7016/api/Signup/authenticate application/json 51 - 200 - application/json;+charset=utf-8 2761.5387ms
[2023-08-10 16:17:28  INF]  Request starting HTTP/2 OPTIONS https://localhost:7016/api/Feedback - -
[2023-08-10 16:17:28  INF]  CORS policy execution successful.
[2023-08-10 16:17:28  INF]  Request finished HTTP/2 OPTIONS https://localhost:7016/api/Feedback - - - 204 - - 25.0520ms
[2023-08-10 16:17:28  INF]  Request starting HTTP/2 POST https://localhost:7016/api/Feedback application/json 64
[2023-08-10 16:17:28  INF]  CORS policy execution successful.
[2023-08-10 16:17:28  INF]  Executing endpoint 'FeedbackController.PostFeedback (FeedbackDemo)'
[2023-08-10 16:17:28  INF]  Route matched with {action = "PostFeedback", controller = "Feedback"}. Executing controller action with signature System.Threading.Tasks.Task`1[Microsoft.AspNetCore.Mvc.IActionResult] PostFeedback(FeedbackDemo.Core.Models.FeedbackDetailsUser) on controller FeedbackController (FeedbackDemo).
[2023-08-10 16:17:28  INF]  POST Feedback process initiated
[2023-08-10 16:17:28  INF]  POST for feedback initiated
[2023-08-10 16:17:28  INF]  Entity Framework Core 6.0.20 initialized 'FeedbackDBContext' using provider 'Microsoft.EntityFrameworkCore.SqlServer:6.0.20' with options: MigrationsAssembly=FeedbackDemo 
[2023-08-10 16:17:29  INF]  Executed DbCommand (12ms) [Parameters=[@p0='?' (DbType = DateTime2), @p1='?' (Size = 1000), @p2='?' (Size = 50)], CommandType='"Text"', CommandTimeout='30']
SET NOCOUNT ON;
INSERT INTO [UserFeedbacks] ([Date_Time], [UserFeedback], [UserName])
VALUES (@p0, @p1, @p2);
SELECT [Id]
FROM [UserFeedbacks]
WHERE @@ROWCOUNT = 1 AND [Id] = scope_identity();
[2023-08-10 16:17:29  INF]  Feedback added successfully to the Database
[2023-08-10 16:17:29  INF]  Feedback added successfully
[2023-08-10 16:17:29  INF]  Executing CreatedAtActionResult, writing value of type 'FeedbackDemo.Core.Models.FeedbackDetailsUser'.
[2023-08-10 16:17:29  INF]  Executed action FeedbackController.PostFeedback (FeedbackDemo) in 437.9257ms
[2023-08-10 16:17:29  INF]  Executed endpoint 'FeedbackController.PostFeedback (FeedbackDemo)'
[2023-08-10 16:17:29  INF]  Request finished HTTP/2 POST https://localhost:7016/api/Feedback application/json 64 - 201 - application/json;+charset=utf-8 447.1481ms
[2023-08-10 16:17:31  INF]  Request starting HTTP/2 GET https://localhost:7016/api/Feedback?PageNumber=1&PageSize=10 - -
[2023-08-10 16:17:31  INF]  CORS policy execution successful.
[2023-08-10 16:17:31  INF]  Executing endpoint 'FeedbackController.GetFeedback (FeedbackDemo)'
[2023-08-10 16:17:31  INF]  Route matched with {action = "GetFeedback", controller = "Feedback"}. Executing controller action with signature System.Threading.Tasks.Task`1[Microsoft.AspNetCore.Mvc.IActionResult] GetFeedback(FeedbackDemo.Core.Models.PageParameters) on controller FeedbackController (FeedbackDemo).
[2023-08-10 16:17:31  INF]  GET Feedback process initiated
[2023-08-10 16:17:31  INF]  GET for pagination initiated
[2023-08-10 16:17:31  INF]  Entity Framework Core 6.0.20 initialized 'FeedbackDBContext' using provider 'Microsoft.EntityFrameworkCore.SqlServer:6.0.20' with options: MigrationsAssembly=FeedbackDemo 
[2023-08-10 16:17:31  WRN]  The query uses a row limiting operator ('Skip'/'Take') without an 'OrderBy' operator. This may lead to unpredictable results. If the 'Distinct' operator is used after 'OrderBy', then make sure to use the 'OrderBy' operator after 'Distinct' as the ordering would otherwise get erased.
[2023-08-10 16:17:31  WRN]  The query uses a row limiting operator ('Skip'/'Take') without an 'OrderBy' operator. This may lead to unpredictable results. If the 'Distinct' operator is used after 'OrderBy', then make sure to use the 'OrderBy' operator after 'Distinct' as the ordering would otherwise get erased.
[2023-08-10 16:17:31  INF]  Executed DbCommand (2ms) [Parameters=[@__p_0='?' (DbType = Int32), @__p_1='?' (DbType = Int32)], CommandType='"Text"', CommandTimeout='30']
SELECT [u].[Id], [u].[Date_Time], [u].[UserFeedback], [u].[UserName]
FROM [UserFeedbacks] AS [u]
ORDER BY (SELECT 1)
OFFSET @__p_0 ROWS FETCH NEXT @__p_1 ROWS ONLY
[2023-08-10 16:17:31  INF]  Creating the page of required amount
[2023-08-10 16:17:31  INF]  Feedback was fetched successfully
[2023-08-10 16:17:31  INF]  Executing OkObjectResult, writing value of type 'FeedbackDemo.Core.Pagination`1[[FeedbackDemo.Core.Models.FeedbackDetails, FeedbackDemo.Core, Version=1.0.0.0, Culture=neutral, PublicKeyToken=null]]'.
[2023-08-10 16:17:31  INF]  Executed action FeedbackController.GetFeedback (FeedbackDemo) in 111.1493ms
[2023-08-10 16:17:31  INF]  Executed endpoint 'FeedbackController.GetFeedback (FeedbackDemo)'
[2023-08-10 16:17:31  INF]  Request finished HTTP/2 GET https://localhost:7016/api/Feedback?PageNumber=1&PageSize=10 - - - 200 - application/json;+charset=utf-8 120.8425ms
[2023-08-10 16:17:38  INF]  Request starting HTTP/2 GET https://localhost:7016/api/Feedback?PageNumber=2&PageSize=10 - -
[2023-08-10 16:17:38  INF]  CORS policy execution successful.
[2023-08-10 16:17:38  INF]  Executing endpoint 'FeedbackController.GetFeedback (FeedbackDemo)'
[2023-08-10 16:17:38  INF]  Route matched with {action = "GetFeedback", controller = "Feedback"}. Executing controller action with signature System.Threading.Tasks.Task`1[Microsoft.AspNetCore.Mvc.IActionResult] GetFeedback(FeedbackDemo.Core.Models.PageParameters) on controller FeedbackController (FeedbackDemo).
[2023-08-10 16:17:38  INF]  GET Feedback process initiated
[2023-08-10 16:17:38  INF]  GET for pagination initiated
[2023-08-10 16:17:38  INF]  Entity Framework Core 6.0.20 initialized 'FeedbackDBContext' using provider 'Microsoft.EntityFrameworkCore.SqlServer:6.0.20' with options: MigrationsAssembly=FeedbackDemo 
[2023-08-10 16:17:38  WRN]  The query uses a row limiting operator ('Skip'/'Take') without an 'OrderBy' operator. This may lead to unpredictable results. If the 'Distinct' operator is used after 'OrderBy', then make sure to use the 'OrderBy' operator after 'Distinct' as the ordering would otherwise get erased.
[2023-08-10 16:17:38  WRN]  The query uses a row limiting operator ('Skip'/'Take') without an 'OrderBy' operator. This may lead to unpredictable results. If the 'Distinct' operator is used after 'OrderBy', then make sure to use the 'OrderBy' operator after 'Distinct' as the ordering would otherwise get erased.
[2023-08-10 16:17:38  INF]  Executed DbCommand (3ms) [Parameters=[@__p_0='?' (DbType = Int32)], CommandType='"Text"', CommandTimeout='30']
SELECT [u].[Id], [u].[Date_Time], [u].[UserFeedback], [u].[UserName]
FROM [UserFeedbacks] AS [u]
ORDER BY (SELECT 1)
OFFSET @__p_0 ROWS FETCH NEXT @__p_0 ROWS ONLY
[2023-08-10 16:17:38  INF]  Creating the page of required amount
[2023-08-10 16:17:38  INF]  Feedback was fetched successfully
[2023-08-10 16:17:38  INF]  Executing OkObjectResult, writing value of type 'FeedbackDemo.Core.Pagination`1[[FeedbackDemo.Core.Models.FeedbackDetails, FeedbackDemo.Core, Version=1.0.0.0, Culture=neutral, PublicKeyToken=null]]'.
[2023-08-10 16:17:38  INF]  Executed action FeedbackController.GetFeedback (FeedbackDemo) in 16.5405ms
[2023-08-10 16:17:38  INF]  Executed endpoint 'FeedbackController.GetFeedback (FeedbackDemo)'
[2023-08-10 16:17:38  INF]  Request finished HTTP/2 GET https://localhost:7016/api/Feedback?PageNumber=2&PageSize=10 - - - 200 - application/json;+charset=utf-8 17.6382ms
[2023-08-10 16:17:39  INF]  Request starting HTTP/2 GET https://localhost:7016/api/Feedback?PageNumber=3&PageSize=10 - -
[2023-08-10 16:17:39  INF]  CORS policy execution successful.
[2023-08-10 16:17:39  INF]  Executing endpoint 'FeedbackController.GetFeedback (FeedbackDemo)'
[2023-08-10 16:17:39  INF]  Route matched with {action = "GetFeedback", controller = "Feedback"}. Executing controller action with signature System.Threading.Tasks.Task`1[Microsoft.AspNetCore.Mvc.IActionResult] GetFeedback(FeedbackDemo.Core.Models.PageParameters) on controller FeedbackController (FeedbackDemo).
[2023-08-10 16:17:39  INF]  GET Feedback process initiated
[2023-08-10 16:17:39  INF]  GET for pagination initiated
[2023-08-10 16:17:39  INF]  Entity Framework Core 6.0.20 initialized 'FeedbackDBContext' using provider 'Microsoft.EntityFrameworkCore.SqlServer:6.0.20' with options: MigrationsAssembly=FeedbackDemo 
[2023-08-10 16:17:39  INF]  Executed DbCommand (2ms) [Parameters=[@__p_0='?' (DbType = Int32), @__p_1='?' (DbType = Int32)], CommandType='"Text"', CommandTimeout='30']
SELECT [u].[Id], [u].[Date_Time], [u].[UserFeedback], [u].[UserName]
FROM [UserFeedbacks] AS [u]
ORDER BY (SELECT 1)
OFFSET @__p_0 ROWS FETCH NEXT @__p_1 ROWS ONLY
[2023-08-10 16:17:39  INF]  Creating the page of required amount
[2023-08-10 16:17:39  INF]  Feedback was fetched successfully
[2023-08-10 16:17:39  INF]  Executing OkObjectResult, writing value of type 'FeedbackDemo.Core.Pagination`1[[FeedbackDemo.Core.Models.FeedbackDetails, FeedbackDemo.Core, Version=1.0.0.0, Culture=neutral, PublicKeyToken=null]]'.
[2023-08-10 16:17:39  INF]  Executed action FeedbackController.GetFeedback (FeedbackDemo) in 8.0407ms
[2023-08-10 16:17:39  INF]  Executed endpoint 'FeedbackController.GetFeedback (FeedbackDemo)'
[2023-08-10 16:17:39  INF]  Request finished HTTP/2 GET https://localhost:7016/api/Feedback?PageNumber=3&PageSize=10 - - - 200 - application/json;+charset=utf-8 8.8680ms
